This is pdfTeX, Version 3.1415926-1.40.10 (TeX Live 2009/Debian) (format=pdflatex 2011.1.13)  19 FEB 2011 15:28
entering extended mode
 restricted \write18 enabled.
 %&-line parsing enabled.
**README_PAPER.tex
(./README_PAPER.tex
LaTeX2e <2009/09/24>
Babel <v3.8l> and hyphenation patterns for english, usenglishmax, dumylang, noh
yphenation, loaded.
(/usr/share/texmf-texlive/tex/latex/base/article.cls
Document Class: article 2007/10/19 v1.4h Standard LaTeX document class
(/usr/share/texmf-texlive/tex/latex/base/size10.clo
File: size10.clo 2007/10/19 v1.4h Standard LaTeX file (size option)
)
\c@part=\count79
\c@section=\count80
\c@subsection=\count81
\c@subsubsection=\count82
\c@paragraph=\count83
\c@subparagraph=\count84
\c@figure=\count85
\c@table=\count86
\abovecaptionskip=\skip41
\belowcaptionskip=\skip42
\bibindent=\dimen102
) (./README_PAPER.aux)
\openout1 = `README_PAPER.aux'.

LaTeX Font Info:    Checking defaults for OML/cmm/m/it on input line 27.
LaTeX Font Info:    ... okay on input line 27.
LaTeX Font Info:    Checking defaults for T1/cmr/m/n on input line 27.
LaTeX Font Info:    ... okay on input line 27.
LaTeX Font Info:    Checking defaults for OT1/cmr/m/n on input line 27.
LaTeX Font Info:    ... okay on input line 27.
LaTeX Font Info:    Checking defaults for OMS/cmsy/m/n on input line 27.
LaTeX Font Info:    ... okay on input line 27.
LaTeX Font Info:    Checking defaults for OMX/cmex/m/n on input line 27.
LaTeX Font Info:    ... okay on input line 27.
LaTeX Font Info:    Checking defaults for U/cmr/m/n on input line 27.
LaTeX Font Info:    ... okay on input line 27.
LaTeX Font Info:    External font `cmex10' loaded for size
(Font)              <12> on input line 28.
LaTeX Font Info:    External font `cmex10' loaded for size
(Font)              <8> on input line 28.
LaTeX Font Info:    External font `cmex10' loaded for size
(Font)              <6> on input line 28.

[1{/var/lib/texmf/fonts/map/pdftex/updmap/pdftex.map}


]
LaTeX Font Info:    External font `cmex10' loaded for size
(Font)              <7> on input line 47.
LaTeX Font Info:    External font `cmex10' loaded for size
(Font)              <5> on input line 47.
 [2]
Underfull \hbox (badness 3058) in paragraph at lines 70--72
\OT1/cmr/m/n/10 Because there is no uni-ver-sally high per-form-
 []

Missing character: There is no ‚ in font cmr10!
Missing character: There is no Ä in font cmr10!
Missing character: There is no ú in font cmr10!
Missing character: There is no ‚ in font cmr10!
Missing character: There is no Ä in font cmr10!
Missing character: There is no ù in font cmr10!
Missing character: There is no ‚ in font cmr10!
Missing character: There is no Ä in font cmr10!
Missing character: There is no ú in font cmr10!
Missing character: There is no ‚ in font cmr10!
Missing character: There is no Ä in font cmr10!
Missing character: There is no ù in font cmr10!
Missing character: There is no ‚ in font cmr10!
Missing character: There is no Ä in font cmr10!
Missing character: There is no ú in font cmr10!
Missing character: There is no ‚ in font cmr10!
Missing character: There is no Ä in font cmr10!
Missing character: There is no ù in font cmr10!
Missing character: There is no ‚ in font cmr10!
Missing character: There is no Ä in font cmr10!
Missing character: There is no ú in font cmr10!
Missing character: There is no ‚ in font cmr10!
Missing character: There is no Ä in font cmr10!
Missing character: There is no ù in font cmr10!
[3]
Underfull \hbox (badness 1286) in paragraph at lines 87--94
\OT1/cmr/m/n/10 The col-or-critic por-tion of the pro-gram was in-
 []


Underfull \hbox (badness 5637) in paragraph at lines 87--94
\OT1/cmr/m/n/10 spired by the types of har-monies based on
 []


Underfull \hbox (badness 10000) in paragraph at lines 87--94
\OT1/cmr/m/n/10 the Color Har-mo-niza-tion pa-per by Cohen-
 []


Underfull \hbox (badness 10000) in paragraph at lines 87--94
\OT1/cmr/m/n/10 Or, Sorkine, Gal, Ley-vand, and Xu (
 []


Overfull \hbox (102.44524pt too wide) in paragraph at lines 87--94
\OT1/cmr/m/n/10 http://cs.nyu.edu/ sorkine/ProjectPages/Harmonization/harmoniza
tion.pdf
 []


Underfull \hbox (badness 1005) in paragraph at lines 87--94
\OT1/cmr/m/n/10 needs a user to di-rect the place-ment and type
 []


Underfull \hbox (badness 1629) in paragraph at lines 87--94
\OT1/cmr/m/n/10 most oc-cur-rences of sup-port-ing har-mony (other
 []


Underfull \hbox (badness 1092) in paragraph at lines 87--94
\OT1/cmr/m/n/10 pix-els that fall in the har-monic range) as well
 []

[4] (./README_PAPER.bbl
Missing character: There is no ‚ in font cmti10!
Missing character: There is no Ä in font cmti10!
Missing character: There is no ì in font cmti10!

Underfull \vbox (badness 2111) has occurred while \output is active []

) [5]
(./README_PAPER.aux) ) 
Here is how much of TeX's memory you used:
 238 strings out of 495061
 2647 string characters out of 1182621
 58132 words of memory out of 3000000
 3487 multiletter control sequences out of 15000+50000
 7933 words of font info for 28 fonts, out of 3000000 for 9000
 28 hyphenation exceptions out of 8191
 23i,7n,19p,745b,219s stack positions out of 5000i,500n,10000p,200000b,50000s
</usr/share/texmf-texlive/fonts/type1/public/amsfonts/cm/
cmbx12.pfb></usr/share/texmf-texlive/fonts/type1/public/amsfonts/cm/cmex10.pfb>
</usr/share/texmf-texlive/fonts/type1/public/amsfonts/cm/cmmi10.pfb></usr/share
/texmf-texlive/fonts/type1/public/amsfonts/cm/cmmi7.pfb></usr/share/texmf-texli
ve/fonts/type1/public/amsfonts/cm/cmr10.pfb></usr/share/texmf-texlive/fonts/typ
e1/public/amsfonts/cm/cmr12.pfb></usr/share/texmf-texlive/fonts/type1/public/am
sfonts/cm/cmr17.pfb></usr/share/texmf-texlive/fonts/type1/public/amsfonts/cm/cm
r7.pfb></usr/share/texmf-texlive/fonts/type1/public/amsfonts/cm/cmsy7.pfb></usr
/share/texmf-texlive/fonts/type1/public/amsfonts/cm/cmti10.pfb>
Output written on README_PAPER.pdf (5 pages, 144989 bytes).
PDF statistics:
 58 PDF objects out of 1000 (max. 8388607)
 0 named destinations out of 1000 (max. 500000)
 1 words of extra memory for PDF output out of 10000 (max. 10000000)

